0 info it worked if it ends with ok
1 verbose cli [ 'C:\\Program Files\\nodejs\\\\node.exe',
1 verbose cli   'C:\\Program Files\\nodejs\\node_modules\\npm\\bin\\npm-cli.js',
1 verbose cli   'install' ]
2 info using npm@1.4.14
3 info using node@v0.10.29
4 verbose node symlink C:\Program Files\nodejs\\node.exe
5 warn package.json Photo-Sharing@0.0.2 No repository field.
6 warn package.json Photo-Sharing@0.0.2 No README data
7 verbose readDependencies using package.json deps
8 verbose install where, deps [ 'C:\\Users\\GordonTSY\\Desktop\\S',
8 verbose install   [ 'express', 'async', 'fs' ] ]
9 info preinstall Photo-Sharing@0.0.2
10 verbose readDependencies using package.json deps
11 verbose already installed skipping express@3.x C:\Users\GordonTSY\Desktop\S
12 verbose already installed skipping async@0.1.x C:\Users\GordonTSY\Desktop\S
13 verbose cache add [ 'fs@', null ]
14 verbose cache add name=undefined spec="fs@" args=["fs@",null]
15 verbose parsed url { protocol: null,
15 verbose parsed url   slashes: null,
15 verbose parsed url   auth: null,
15 verbose parsed url   host: null,
15 verbose parsed url   port: null,
15 verbose parsed url   hostname: null,
15 verbose parsed url   hash: null,
15 verbose parsed url   search: null,
15 verbose parsed url   query: null,
15 verbose parsed url   pathname: 'fs@',
15 verbose parsed url   path: 'fs@',
15 verbose parsed url   href: 'fs@' }
16 verbose cache add name="fs" spec="" args=["fs",""]
17 verbose parsed url { protocol: null,
17 verbose parsed url   slashes: null,
17 verbose parsed url   auth: null,
17 verbose parsed url   host: null,
17 verbose parsed url   port: null,
17 verbose parsed url   hostname: null,
17 verbose parsed url   hash: null,
17 verbose parsed url   search: null,
17 verbose parsed url   query: null,
17 verbose parsed url   pathname: null,
17 verbose parsed url   path: null,
17 verbose parsed url   href: '' }
18 verbose addNamed [ 'fs', '' ]
19 verbose addNamed [ null, '*' ]
20 silly lockFile a107b96b-fs fs@
21 verbose lock fs@ C:\Users\GordonTSY\AppData\Roaming\npm-cache\a107b96b-fs.lock
22 silly addNameRange { name: 'fs', range: '*', hasData: false }
23 verbose url raw fs
24 verbose url resolving [ 'https://registry.npmjs.org/', './fs' ]
25 verbose url resolved https://registry.npmjs.org/fs
26 info trying registry request attempt 1 at 22:00:03
27 verbose etag "5BQZWWEVHQEXWCPP0V3B1TODR"
28 http GET https://registry.npmjs.org/fs
29 http 404 https://registry.npmjs.org/fs
30 silly registry.get cb [ 404,
30 silly registry.get   { date: 'Mon, 11 Aug 2014 14:00:05 GMT',
30 silly registry.get     server: 'CouchDB/1.5.0 (Erlang OTP/R16B03)',
30 silly registry.get     etag: '"5BQZWWEVHQEXWCPP0V3B1TODR"',
30 silly registry.get     'content-type': 'application/json',
30 silly registry.get     'cache-control': 'max-age=0',
30 silly registry.get     'content-length': '397',
30 silly registry.get     'accept-ranges': 'bytes',
30 silly registry.get     via: '1.1 varnish',
30 silly registry.get     age: '0',
30 silly registry.get     'x-served-by': 'cache-hk92-HKG',
30 silly registry.get     'x-cache': 'MISS',
30 silly registry.get     'x-cache-hits': '0',
30 silly registry.get     'x-timer': 'S1407765604.028561,VS0,VE1053',
30 silly registry.get     vary: 'Accept',
30 silly registry.get     'keep-alive': 'timeout=10, max=50',
30 silly registry.get     connection: 'Keep-Alive' } ]
31 silly lockFile a107b96b-fs fs@
32 silly lockFile a107b96b-fs fs@
33 error 404 Not Found
33 error 404
33 error 404 'fs' is not in the npm registry.
33 error 404 You should bug the author to publish it
33 error 404 It was specified as a dependency of 'Photo-Sharing'
33 error 404
33 error 404 Note that you can also install from a
33 error 404 tarball, folder, or http url, or git url.
34 error System Windows_NT 6.1.7601
35 error command "C:\\Program Files\\nodejs\\\\node.exe" "C:\\Program Files\\nodejs\\node_modules\\npm\\bin\\npm-cli.js" "install"
36 error cwd C:\Users\GordonTSY\Desktop\S
37 error node -v v0.10.29
38 error npm -v 1.4.14
39 error code E404
40 verbose exit [ 1, true ]
